Traceback (most recent call last):
  File "<frozen runpy>", line 198, in _run_module_as_main
  File "<frozen runpy>", line 88, in _run_code
  File "C:\Users\Juan José JV\AppData\Local\Programs\Python\Python312\Scripts\flask.exe\__main__.py", line 7, in <module>
  File "C:\Users\Juan José JV\AppData\Local\Programs\Python\Python312\Lib\site-packages\flask\cli.py", line 1131, in main
    cli.main()
  File "C:\Users\Juan José JV\AppData\Local\Programs\Python\Python312\Lib\site-packages\click\core.py", line 1363, in main
    rv = self.invoke(ctx)
         ^^^^^^^^^^^^^^^^
  File "C:\Users\Juan José JV\AppData\Local\Programs\Python\Python312\Lib\site-packages\click\core.py", line 1830, in invoke
    return _process_result(sub_ctx.command.invoke(sub_ctx))
                           ^^^^^^^^^^^^^^^^^^^^^^^^^^^^^^^
  File "C:\Users\Juan José JV\AppData\Local\Programs\Python\Python312\Lib\site-packages\click\core.py", line 1226, in invoke
    return ctx.invoke(self.callback, **ctx.params)
           ^^^^^^^^^^^^^^^^^^^^^^^^^^^^^^^^^^^^^^^
  File "C:\Users\Juan José JV\AppData\Local\Programs\Python\Python312\Lib\site-packages\click\core.py", line 794, in invoke
    return callback(*args, **kwargs)
           ^^^^^^^^^^^^^^^^^^^^^^^^^
  File "C:\Users\Juan José JV\AppData\Local\Programs\Python\Python312\Lib\site-packages\click\decorators.py", line 93, in new_func
    return ctx.invoke(f, obj, *args, **kwargs)
           ^^^^^^^^^^^^^^^^^^^^^^^^^^^^^^^^^^^
  File "C:\Users\Juan José JV\AppData\Local\Programs\Python\Python312\Lib\site-packages\click\core.py", line 794, in invoke
    return callback(*args, **kwargs)
           ^^^^^^^^^^^^^^^^^^^^^^^^^
  File "C:\Users\Juan José JV\AppData\Local\Programs\Python\Python312\Lib\site-packages\flask\cli.py", line 979, in run_command
    raise e from None
  File "C:\Users\Juan José JV\AppData\Local\Programs\Python\Python312\Lib\site-packages\flask\cli.py", line 963, in run_command
    app: WSGIApplication = info.load_app()  # pyright: ignore
                           ^^^^^^^^^^^^^^^
  File "C:\Users\Juan José JV\AppData\Local\Programs\Python\Python312\Lib\site-packages\flask\cli.py", line 353, in load_app
    app = locate_app(import_name, None, raise_if_not_found=False)
          ^^^^^^^^^^^^^^^^^^^^^^^^^^^^^^^^^^^^^^^^^^^^^^^^^^^^^^^
  File "C:\Users\Juan José JV\AppData\Local\Programs\Python\Python312\Lib\site-packages\flask\cli.py", line 262, in locate_app
    return find_best_app(module)
           ^^^^^^^^^^^^^^^^^^^^^
  File "C:\Users\Juan José JV\AppData\Local\Programs\Python\Python312\Lib\site-packages\flask\cli.py", line 72, in find_best_app
    app = app_factory()
          ^^^^^^^^^^^^^
  File "C:\Users\Juan José JV\Documents\Semestre7\Pruebas_Gestion\SmartLot\API\app\__init__.py", line 45, in create_app
    from app.routes.projects import projects_bp
ModuleNotFoundError: No module named 'app.routes.projects'
postgresql://postgres:postgres@127.0.0.1:5432/smartlot
